2026-04-30 00:20:50,624 [INFO]   [FETCH] 327260 info ...
2026-04-30 00:20:50,857 [INFO] KIS 토큰 발급 완료
2026-04-30 00:20:50,938 [INFO] [info] 327260 RF머트리얼즈 저장
2026-04-30 00:20:51,051 [WARNING] profiles/ 에 종목 파일이 없습니다.
2026-04-30 00:22:04,205 [INFO]   [FETCH] 327260 ohlcv ...
2026-04-30 00:22:04,289 [INFO] [ohlcv] 327260 100행 저장
2026-04-30 00:22:04,289 [INFO]   [FETCH] 327260 technical ...
2026-04-30 00:22:04,294 [INFO] [technical] 327260 계산 완료 (RSI=57.8, MA5=90120)
2026-04-30 00:22:04,294 [INFO]   [FETCH] 327260 supply ...
2026-04-30 00:22:04,371 [INFO] [supply] 327260 20일 저장, trend=외인 매수 우위
2026-04-30 00:22:04,371 [INFO]   [FETCH] 327260 short ...
2026-04-30 00:22:04,427 [ERROR]   [ERROR] 327260 short: 404 Client Error: Not Found for url: https://openapi.koreainvestment.com:9443/uapi/domestic-stock/v1/quotations/inquire-short-selling?FID_COND_MRKT_DIV_CODE=J&FID_INPUT_ISCD=327260&FID_INPUT_DATE_1=20260331&FID_INPUT_DATE_2=20260430
2026-04-30 00:22:04,428 [INFO]   [FETCH] 327260 broker ...
2026-04-30 00:22:04,490 [ERROR]   [ERROR] 327260 broker: 500 Server Error: Internal Server Error for url: https://openapi.koreainvestment.com:9443/uapi/domestic-stock/v1/quotations/inquire-member?FID_COND_MRKT_DIV_CODE=J&FID_INPUT_ISCD=327260
2026-04-30 00:22:04,492 [INFO]   [FETCH] 327260 financial ...
2026-04-30 00:22:04,556 [ERROR]   [ERROR] 327260 financial: 500 Server Error: Internal Server Error for url: https://openapi.koreainvestment.com:9443/uapi/domestic-stock/v1/finance/income-statement?FID_DIV_CLS_CODE=1&fid_cond_mrkt_div_code=J&fid_input_iscd=327260
2026-04-30 00:22:04,557 [INFO]   [FETCH] 327260 market ...
2026-04-30 00:22:04,633 [ERROR]   [ERROR] 327260 market: 500 Server Error: Internal Server Error for url: https://openapi.koreainvestment.com:9443/uapi/domestic-stock/v1/quotations/inquire-daily-itemchartprice?FID_COND_MRKT_DIV_CODE=J&FID_INPUT_ISCD=327260&FID_INPUT_DATE_1=20260316&FID_INPUT_DATE_2=20260430&FID_PERIOD_DIV_CODE=D&FID_ORG_ADJ_PRC=0
2026-04-30 00:22:04,636 [INFO]   [CACHE HIT] 327260 info
2026-04-30 00:22:04,636 [INFO]   [FETCH] 327260 news ...
2026-04-30 00:22:04,707 [ERROR]   [ERROR] 327260 news: 500 Server Error: Internal Server Error for url: https://openapi.koreainvestment.com:9443/uapi/domestic-stock/v1/quotations/news-title?FID_NEWS_OFER_ENTP_CODE=&FID_COND_MRKT_DIV_CODE=J&FID_INPUT_ISCD=327260&FID_INPUT_DATE_1=&FID_INPUT_HOUR_1=
2026-04-30 00:24:24,755 [INFO]   [FETCH] 327260 ohlcv ...
2026-04-30 00:24:24,839 [INFO] [ohlcv] 327260 100행 저장
2026-04-30 00:24:24,839 [INFO]   [FETCH] 327260 technical ...
2026-04-30 00:24:24,843 [INFO] [technical] 327260 계산 완료 (RSI=57.8, MA5=90120)
2026-04-30 00:24:24,843 [INFO]   [FETCH] 327260 supply ...
2026-04-30 00:24:24,915 [INFO] [supply] 327260 20일 저장, trend=외인 매수 우위
2026-04-30 00:24:24,915 [INFO]   [FETCH] 327260 short ...
2026-04-30 00:24:24,972 [ERROR]   [ERROR] 327260 short: 404 Client Error: Not Found for url: https://openapi.koreainvestment.com:9443/uapi/domestic-stock/v1/quotations/inquire-daily-short-selling?FID_COND_MRKT_DIV_CODE=J&FID_INPUT_ISCD=327260&FID_INPUT_DATE_1=20260331&FID_INPUT_DATE_2=20260430&FID_ORG_ADJ_PRC=0
2026-04-30 00:24:24,973 [INFO]   [FETCH] 327260 broker ...
2026-04-30 00:24:25,040 [INFO] [broker] 327260 저장 완료
2026-04-30 00:24:25,040 [INFO]   [FETCH] 327260 financial ...
2026-04-30 00:24:25,195 [INFO] [financial] 327260 4분기 저장
2026-04-30 00:24:25,195 [INFO]   [FETCH] 327260 market ...
2026-04-30 00:24:25,324 [ERROR]   [ERROR] 327260 market: 500 Server Error: Internal Server Error for url: https://openapi.koreainvestment.com:9443/uapi/domestic-stock/v1/quotations/inquire-daily-itemchartprice?FID_COND_MRKT_DIV_CODE=U&FID_INPUT_ISCD=0001&FID_INPUT_DATE_1=20260316&FID_INPUT_DATE_2=20260430&FID_PERIOD_DIV_CODE=D&FID_ORG_ADJ_PRC=0
2026-04-30 00:24:25,325 [INFO]   [FETCH] 327260 info ...
2026-04-30 00:24:25,389 [ERROR]   [ERROR] 327260 info: 500 Server Error: Internal Server Error for url: https://openapi.koreainvestment.com:9443/uapi/domestic-stock/v1/quotations/search-stock-info?PRDT_TYPE_CD=300&PDNO=327260
2026-04-30 00:24:25,392 [INFO]   [FETCH] 327260 news ...
2026-04-30 00:24:25,450 [ERROR]   [ERROR] 327260 news: KIS API 오류 [1]: 없는 서비스 코드 입니다
2026-04-30 00:27:25,058 [INFO]   [FETCH] 327260 ohlcv ...
2026-04-30 00:27:25,147 [INFO] [ohlcv] 327260 100행 저장
2026-04-30 00:27:25,147 [INFO]   [FETCH] 327260 technical ...
2026-04-30 00:27:25,151 [INFO] [technical] 327260 계산 완료 (RSI=57.8, MA5=90120)
2026-04-30 00:27:25,151 [INFO]   [FETCH] 327260 supply ...
2026-04-30 00:27:25,221 [INFO] [supply] 327260 20일 저장, trend=외인 매수 우위
2026-04-30 00:27:25,221 [INFO]   [FETCH] 327260 short ...
2026-04-30 00:27:25,352 [INFO] [short] 327260 1일 저장, alert=False
2026-04-30 00:27:25,352 [INFO]   [FETCH] 327260 broker ...
2026-04-30 00:27:25,419 [INFO] [broker] 327260 저장 완료
2026-04-30 00:27:25,419 [INFO]   [FETCH] 327260 financial ...
2026-04-30 00:27:25,486 [ERROR]   [ERROR] 327260 financial: 500 Server Error: Internal Server Error for url: https://openapi.koreainvestment.com:9443/uapi/domestic-stock/v1/finance/income-statement?FID_DIV_CLS_CODE=1&FID_COND_MRKT_DIV_CODE=J&FID_INPUT_ISCD=327260
2026-04-30 00:27:25,489 [INFO]   [FETCH] 327260 market ...
2026-04-30 00:27:25,623 [WARNING] KOSPI 지수 조회 실패: 404 Client Error: Not Found for url: https://openapi.koreainvestment.com:9443/uapi/domestic-stock/v1/quotations/inquire-index-daily-chartprice?FID_COND_MRKT_DIV_CODE=U&FID_INPUT_ISCD=0001&FID_INPUT_DATE_1=20260316&FID_INPUT_DATE_2=20260430&FID_PERIOD_DIV_CODE=D
2026-04-30 00:27:25,688 [ERROR]   [ERROR] 327260 market: 500 Server Error: Internal Server Error for url: https://openapi.koreainvestment.com:9443/uapi/domestic-stock/v1/quotations/inquire-price?FID_COND_MRKT_DIV_CODE=J&FID_INPUT_ISCD=327260
2026-04-30 00:27:25,689 [INFO]   [FETCH] 327260 info ...
2026-04-30 00:27:25,758 [WARNING] [info] search-stock-info 실패(500 Server Error: Internal Server Error for url: https://openapi.koreainvestment.com:9443/uapi/domestic-stock/v1/quotations/search-stock-info?PRDT_TYPE_CD=300&PDNO=327260), inquire-price fallback
2026-04-30 00:27:25,828 [INFO] [info] 327260 RF머트리얼즈 저장
2026-04-30 00:27:25,828 [INFO]   [FETCH] 327260 news ...
2026-04-30 00:27:25,886 [WARNING] [news] KIS 뉴스 API 미사용(500 Server Error: Internal Server Error for url: https://openapi.koreainvestment.com:9443/uapi/domestic-stock/v1/quotations/news-title?FID_NEWS_OFER_ENTP_CODE=0&FID_COND_MRKT_DIV_CODE=J&FID_INPUT_ISCD=327260&FID_INPUT_DATE_1=20260430&FID_INPUT_HOUR_1=000000) — 웹 검색으로 보완 필요
2026-04-30 00:27:25,887 [INFO] [news] 327260 0건 저장
2026-04-30 00:29:59,863 [INFO]   [FETCH] 327260 financial ...
2026-04-30 00:29:59,936 [ERROR]   [ERROR] 327260 financial: invalid literal for int() with base 10: '641.00'
2026-04-30 00:30:00,028 [INFO]   [FETCH] 327260 market ...
2026-04-30 00:30:00,232 [INFO] [market] 327260 RS=8.8
2026-04-30 00:30:14,320 [INFO]   [FETCH] 327260 financial ...
2026-04-30 00:30:14,464 [INFO] [financial] 327260 4분기 저장
2026-04-30 00:32:31,719 [INFO]   [FETCH] 327260 short ...
2026-04-30 00:32:37,160 [INFO] Expecting value: line 1 column 1 (char 0)
2026-04-30 00:32:37,161 [WARNING] [short] pykrx 조회 실패: '거래량'
2026-04-30 00:32:37,161 [INFO] [short] 327260 0일 저장, alert=False
2026-04-30 00:34:07,785 [INFO]   [FETCH] 327260 ohlcv ...
2026-04-30 00:34:07,862 [INFO] [ohlcv] 327260 100행 저장
2026-04-30 00:34:07,862 [INFO]   [FETCH] 327260 technical ...
2026-04-30 00:34:07,867 [INFO] [technical] 327260 계산 완료 (RSI=57.8, MA5=90120)
2026-04-30 00:34:07,867 [INFO]   [FETCH] 327260 supply ...
2026-04-30 00:34:07,934 [INFO] [supply] 327260 20일 저장, trend=외인 매수 우위
2026-04-30 00:34:07,934 [INFO]   [FETCH] 327260 short ...
2026-04-30 00:34:13,604 [INFO] Expecting value: line 1 column 1 (char 0)
2026-04-30 00:34:13,605 [INFO] [short] 327260 0일 저장
2026-04-30 00:34:13,605 [INFO]   [FETCH] 327260 broker ...
2026-04-30 00:34:13,674 [INFO] [broker] 327260 저장 완료
2026-04-30 00:34:13,674 [INFO]   [FETCH] 327260 financial ...
2026-04-30 00:34:13,811 [INFO] [financial] 327260 4분기 저장
2026-04-30 00:34:13,811 [INFO]   [FETCH] 327260 market ...
2026-04-30 00:34:14,003 [INFO] [market] 327260 RS=8.8
2026-04-30 00:34:14,003 [INFO]   [FETCH] 327260 info ...
2026-04-30 00:34:14,080 [INFO] [info] 327260 RF머트리얼즈 저장
2026-04-30 00:34:14,080 [INFO]   [FETCH] 327260 news ...
2026-04-30 00:34:14,148 [WARNING] [news] KIS 뉴스 API 미사용(KIS API 오류 [1]: 없는 서비스 코드 입니다) — 웹 검색으로 보완 필요
2026-04-30 00:34:14,151 [INFO] [news] 327260 0건 저장
2026-04-30 00:36:15,351 [INFO]   [FETCH] 327260 short ...
2026-04-30 00:36:15,437 [INFO] [short] 327260 20일 저장, alert=True
2026-04-30 00:36:15,529 [INFO]   [FETCH] 327260 news ...
2026-04-30 00:36:15,610 [INFO] [news] 327260 20건 저장
2026-04-30 00:36:23,653 [INFO]   [FETCH] 327260 ohlcv ...
2026-04-30 00:36:23,731 [INFO] [ohlcv] 327260 100행 저장
2026-04-30 00:36:23,731 [INFO]   [FETCH] 327260 technical ...
2026-04-30 00:36:23,735 [INFO] [technical] 327260 계산 완료 (RSI=57.8, MA5=90120)
2026-04-30 00:36:23,735 [INFO]   [FETCH] 327260 supply ...
2026-04-30 00:36:23,788 [ERROR]   [ERROR] 327260 supply: 500 Server Error: Internal Server Error for url: https://openapi.koreainvestment.com:9443/uapi/domestic-stock/v1/quotations/inquire-investor?FID_COND_MRKT_DIV_CODE=J&FID_INPUT_ISCD=327260
2026-04-30 00:36:23,789 [INFO]   [FETCH] 327260 short ...
2026-04-30 00:36:23,859 [INFO] [short] 327260 20일 저장, alert=True
2026-04-30 00:36:23,860 [INFO]   [FETCH] 327260 broker ...
2026-04-30 00:36:23,925 [INFO] [broker] 327260 저장 완료
2026-04-30 00:36:23,925 [INFO]   [FETCH] 327260 financial ...
2026-04-30 00:36:24,052 [INFO] [financial] 327260 4분기 저장
2026-04-30 00:36:24,052 [INFO]   [FETCH] 327260 market ...
2026-04-30 00:36:24,257 [INFO] [market] 327260 RS=8.8
2026-04-30 00:36:24,257 [INFO]   [FETCH] 327260 info ...
2026-04-30 00:36:24,337 [WARNING] [info] search-stock-info 실패(500 Server Error: Internal Server Error for url: https://openapi.koreainvestment.com:9443/uapi/domestic-stock/v1/quotations/search-stock-info?PRDT_TYPE_CD=300&PDNO=327260), inquire-price fallback
2026-04-30 00:36:24,404 [INFO] [info] 327260 RF머트리얼즈 저장
2026-04-30 00:36:24,405 [INFO]   [FETCH] 327260 news ...
2026-04-30 00:36:24,471 [WARNING] [news] KIS news-title 실패(500 Server Error: Internal Server Error for url: https://openapi.koreainvestment.com:9443/uapi/domestic-stock/v1/quotations/news-title?FID_NEWS_OFER_ENTP_CODE=&FID_COND_MRKT_CLS_CODE=&FID_INPUT_ISCD=327260&FID_TITL_CNTT=&FID_INPUT_DATE_1=&FID_INPUT_HOUR_1=&FID_RANK_SORT_CLS_CODE=&FID_INPUT_SRNO=) — 빈 배열 저장
2026-04-30 00:36:24,472 [INFO] [news] 327260 0건 저장
2026-04-30 00:36:46,796 [INFO]   [FETCH] 327260 ohlcv ...
2026-04-30 00:36:46,881 [INFO] [ohlcv] 327260 100행 저장
2026-04-30 00:36:47,032 [INFO]   [FETCH] 327260 technical ...
2026-04-30 00:36:47,037 [INFO] [technical] 327260 계산 완료 (RSI=57.8, MA5=90120)
2026-04-30 00:36:47,193 [INFO]   [FETCH] 327260 supply ...
2026-04-30 00:36:47,271 [INFO] [supply] 327260 20일 저장, trend=외인 매수 우위
2026-04-30 00:36:47,427 [INFO]   [FETCH] 327260 short ...
2026-04-30 00:36:47,512 [INFO] [short] 327260 20일 저장, alert=True
2026-04-30 00:36:47,667 [INFO]   [FETCH] 327260 broker ...
2026-04-30 00:36:47,714 [INFO] [broker] 327260 저장 완료
2026-04-30 00:36:47,865 [INFO]   [FETCH] 327260 financial ...
2026-04-30 00:36:48,008 [INFO] [financial] 327260 4분기 저장
2026-04-30 00:36:48,163 [INFO]   [FETCH] 327260 market ...
2026-04-30 00:36:49,731 [INFO] [market] 327260 RS=8.8
2026-04-30 00:36:49,886 [INFO]   [FETCH] 327260 info ...
2026-04-30 00:36:49,970 [INFO] [info] 327260 RF머트리얼즈 저장
2026-04-30 00:36:50,126 [INFO]   [FETCH] 327260 news ...
2026-04-30 00:36:50,218 [INFO] [news] 327260 20건 저장
2026-04-30 10:52:42,022 [INFO]   [FETCH] 327260 info ...
2026-04-30 10:52:42,090 [INFO] [info] 327260 RF머트리얼즈 저장
2026-04-30 10:53:17,727 [INFO]   [FETCH] 327260 ohlcv ...
2026-04-30 10:53:17,791 [INFO] [ohlcv] 327260 100행 저장
2026-04-30 10:53:17,947 [INFO]   [FETCH] 327260 technical ...
2026-04-30 10:53:17,952 [INFO] [technical] 327260 계산 완료 (RSI=51.3, MA5=91100)
2026-04-30 10:53:18,105 [INFO]   [FETCH] 327260 supply ...
2026-04-30 10:53:18,166 [INFO] [supply] 327260 20일 저장, trend=외인 매수 우위
2026-04-30 10:53:18,321 [INFO]   [FETCH] 327260 short ...
2026-04-30 10:53:18,387 [INFO] [short] 327260 20일 저장, alert=True
2026-04-30 10:53:18,539 [INFO]   [FETCH] 327260 broker ...
2026-04-30 10:53:18,601 [INFO] [broker] 327260 저장 완료
2026-04-30 10:53:18,756 [INFO]   [FETCH] 327260 financial ...
2026-04-30 10:53:18,875 [INFO] [financial] 327260 4분기 저장
2026-04-30 10:53:19,030 [INFO]   [FETCH] 327260 market ...
2026-04-30 10:53:19,213 [INFO] [market] 327260 RS=13.4
2026-04-30 10:53:19,367 [INFO]   [FETCH] 327260 info ...
2026-04-30 10:53:19,441 [INFO] [info] 327260 RF머트리얼즈 저장
2026-04-30 10:53:19,596 [INFO]   [FETCH] 327260 news ...
2026-04-30 10:53:19,676 [INFO] [news] 327260 20건 저장
2026-04-30 11:00:32,469 [INFO]   [FETCH] 327260 supply ...
2026-04-30 11:00:32,534 [INFO] [supply] 327260 20일 저장, trend=외인 매수 우위
2026-04-30 11:00:32,773 [INFO]   [FETCH] 327260 broker ...
2026-04-30 11:00:32,824 [INFO] [broker] 327260 저장 완료
2026-04-30 11:02:07,071 [INFO]   [FETCH] 327260 ohlcv ...
2026-04-30 11:02:07,135 [INFO] [ohlcv] 327260 100행 저장
2026-04-30 11:02:07,287 [INFO]   [FETCH] 327260 technical ...
2026-04-30 11:02:07,296 [INFO] [technical] 327260 계산 완료 (RSI=51.8, MA5=91240)
2026-04-30 11:02:07,450 [INFO]   [FETCH] 327260 supply ...
2026-04-30 11:02:07,524 [INFO] [supply] 327260 20일 저장, trend=외인 매수 우위
2026-04-30 11:02:07,680 [INFO]   [FETCH] 327260 short ...
2026-04-30 11:02:07,748 [INFO] [short] 327260 20일 저장, alert=True
2026-04-30 11:02:07,899 [INFO]   [FETCH] 327260 broker ...
2026-04-30 11:02:07,956 [INFO] [broker] 327260 저장 완료
2026-04-30 11:02:08,107 [INFO]   [FETCH] 327260 financial ...
2026-04-30 11:02:08,226 [INFO] [financial] 327260 4분기 저장
2026-04-30 11:02:08,381 [INFO]   [FETCH] 327260 market ...
2026-04-30 11:02:08,621 [INFO] [market] 327260 RS=14.0
2026-04-30 11:02:08,777 [INFO]   [FETCH] 327260 info ...
2026-04-30 11:02:08,849 [INFO] [info] 327260 RF머트리얼즈 저장
2026-04-30 11:02:09,004 [INFO]   [FETCH] 327260 news ...
2026-04-30 11:02:09,093 [INFO] [news] 327260 20건 저장
2026-04-30 12:33:24,843 [INFO]   [FETCH] 327260 ohlcv ...
2026-04-30 12:33:24,926 [INFO] [ohlcv] 327260 100행 저장
2026-04-30 12:33:25,081 [INFO]   [FETCH] 327260 technical ...
2026-04-30 12:33:25,153 [INFO] [technical] 327260 계산 완료 (RSI=51.9, MA5=91260)
2026-04-30 12:33:25,304 [INFO]   [FETCH] 327260 supply ...
2026-04-30 12:33:25,371 [INFO] [supply] 327260 20일 저장, trend=외인 매수 우위
2026-04-30 12:33:25,527 [INFO]   [FETCH] 327260 short ...
2026-04-30 12:33:25,596 [INFO] [short] 327260 20일 저장, alert=True
2026-04-30 12:33:25,751 [INFO]   [FETCH] 327260 broker ...
2026-04-30 12:33:25,812 [INFO] [broker] 327260 저장 완료
2026-04-30 12:33:25,967 [INFO]   [FETCH] 327260 financial ...
2026-04-30 12:33:26,097 [INFO] [financial] 327260 4분기 저장
2026-04-30 12:33:26,252 [INFO]   [FETCH] 327260 market ...
2026-04-30 12:33:26,438 [INFO] [market] 327260 RS=14.9
2026-04-30 12:33:26,592 [INFO]   [FETCH] 327260 info ...
2026-04-30 12:33:26,664 [INFO] [info] 327260 RF머트리얼즈 저장
2026-04-30 12:33:26,816 [INFO]   [FETCH] 327260 news ...
2026-04-30 12:33:26,898 [INFO] [news] 327260 20건 저장
